1622306235505	mozrunner::runner	INFO	Running command: "/usr/bin/firefox" "-marionette" "-foreground" "-no-remote" "-profile" "/tmp/rust_mozprofileYV39uG"
Unable to init server: Broadway display type not supported: unixneeds-to-be-defined
Error: cannot open display: unixneeds-to-be-defined
1622306384075	mozrunner::runner	INFO	Running command: "/usr/bin/firefox" "-marionette" "-foreground" "-no-remote" "-profile" "/tmp/rust_mozprofiles6GsYd"
Unable to init server: Broadway display type not supported: unixneeds-to-be-defined
Error: cannot open display: unixneeds-to-be-defined
1622410339072	mozrunner::runner	INFO	Running command: "/usr/bin/firefox" "-marionette" "-headless" "-foreground" "-no-remote" "-profile" "/tmp/rust_mozprofileGUATSQ"
*** You are running in headless mode.
[GFX1-]: glxtest: libpci missing
[GFX1-]: glxtest: Unable to open a connection to the X server
[GFX1-]: glxtest: libEGL initialize failed
[GFX1-]: No GPUs detected via PCI
console.warn: SearchSettings: "get: No settings file exists, new profile?" (new Error("", "(unknown module)"))
console.warn: SearchSettings: "get: No settings file exists, new profile?" (new Error("", "(unknown module)"))
1622410341266	Marionette	INFO	Listening on port 39495
1622410341321	Marionette	WARN	TLS certificate errors will be ignored for this session
1622410341344	Marionette	ERROR	[15] No reply from Marionette:Register
1622410349882	Marionette	INFO	Stopped listening on port 39495

###!!! [Parent][RunMessage] Error: Channel closing: too late to send/recv, messages will be lost

1622410467507	mozrunner::runner	INFO	Running command: "/usr/bin/firefox" "-marionette" "-headless" "-foreground" "-no-remote" "-profile" "/tmp/rust_mozprofileZQJrsX"
*** You are running in headless mode.
[GFX1-]: glxtest: libpci missing
[GFX1-]: glxtest: Unable to open a connection to the X server
[GFX1-]: glxtest: libEGL initialize failed
[GFX1-]: No GPUs detected via PCI
console.warn: SearchSettings: "get: No settings file exists, new profile?" (new Error("", "(unknown module)"))
console.warn: SearchSettings: "get: No settings file exists, new profile?" (new Error("", "(unknown module)"))
1622410469981	Marionette	INFO	Listening on port 37535
1622410470054	Marionette	WARN	TLS certificate errors will be ignored for this session
1622410470070	Marionette	ERROR	[15] No reply from Marionette:Register
1622410477832	mozrunner::runner	INFO	Running command: "/usr/bin/firefox" "-marionette" "-headless" "-foreground" "-no-remote" "-profile" "/tmp/rust_mozprofileWxrePU"
*** You are running in headless mode.
[GFX1-]: glxtest: libpci missing
[GFX1-]: glxtest: Unable to open a connection to the X server
[GFX1-]: glxtest: libEGL initialize failed
[GFX1-]: No GPUs detected via PCI
console.warn: SearchSettings: "get: No settings file exists, new profile?" (new Error("", "(unknown module)"))
console.warn: SearchSettings: "get: No settings file exists, new profile?" (new Error("", "(unknown module)"))
1622410479952	Marionette	INFO	Listening on port 40051
1622410480066	Marionette	WARN	TLS certificate errors will be ignored for this session
1622410480091	Marionette	ERROR	[15] No reply from Marionette:Register
1622410516275	Marionette	INFO	Stopped listening on port 40051

###!!! [Parent][RunMessage] Error: Channel closing: too late to send/recv, messages will be lost

1622410798911	mozrunner::runner	INFO	Running command: "/usr/bin/firefox" "-marionette" "-headless" "-foreground" "-no-remote" "-profile" "/tmp/rust_mozprofileK4BZ7G"
*** You are running in headless mode.
[GFX1-]: glxtest: libpci missing
[GFX1-]: glxtest: Unable to open a connection to the X server
[GFX1-]: glxtest: libEGL initialize failed
[GFX1-]: No GPUs detected via PCI
console.warn: SearchSettings: "get: No settings file exists, new profile?" (new Error("", "(unknown module)"))
console.warn: SearchSettings: "get: No settings file exists, new profile?" (new Error("", "(unknown module)"))
1622410801030	Marionette	INFO	Listening on port 45837
1622410801148	Marionette	WARN	TLS certificate errors will be ignored for this session
1622410801166	Marionette	ERROR	[18] No reply from Marionette:Register
1622410821449	Marionette	INFO	Stopped listening on port 45837

###!!! [Parent][RunMessage] Error: Channel closing: too late to send/recv, messages will be lost

1622411043934	mozrunner::runner	INFO	Running command: "/usr/bin/firefox" "-marionette" "-headless" "-foreground" "-no-remote" "-profile" "/tmp/rust_mozprofilepDFEOi"
*** You are running in headless mode.
[GFX1-]: glxtest: libpci missing
[GFX1-]: glxtest: Unable to open a connection to the X server
[GFX1-]: glxtest: libEGL initialize failed
[GFX1-]: No GPUs detected via PCI
console.warn: SearchSettings: "get: No settings file exists, new profile?" (new Error("", "(unknown module)"))
console.warn: SearchSettings: "get: No settings file exists, new profile?" (new Error("", "(unknown module)"))
1622411046403	Marionette	INFO	Listening on port 33095
1622411046466	Marionette	WARN	TLS certificate errors will be ignored for this session
1622411046484	Marionette	ERROR	[15] No reply from Marionette:Register
1622411068484	Marionette	INFO	Stopped listening on port 33095
JavaScript error: resource://activity-stream/lib/ASRouter.jsm, line 987: NS_ERROR_ILLEGAL_VALUE: Component returned failure code: 0x80070057 (NS_ERROR_ILLEGAL_VALUE) [nsIObserverService.removeObserver]
1622411266332	mozrunner::runner	INFO	Running command: "/usr/bin/firefox" "-marionette" "-headless" "-foreground" "-no-remote" "-profile" "/tmp/rust_mozprofileEXtR7B"
*** You are running in headless mode.
[GFX1-]: glxtest: libpci missing
[GFX1-]: glxtest: Unable to open a connection to the X server
[GFX1-]: glxtest: libEGL initialize failed
[GFX1-]: No GPUs detected via PCI
console.warn: SearchSettings: "get: No settings file exists, new profile?" (new Error("", "(unknown module)"))
console.warn: SearchSettings: "get: No settings file exists, new profile?" (new Error("", "(unknown module)"))
1622411273154	Marionette	INFO	Listening on port 43497
1622411273355	Marionette	WARN	TLS certificate errors will be ignored for this session
1622411273424	Marionette	ERROR	[18] No reply from Marionette:Register
1622411315163	Marionette	INFO	Stopped listening on port 43497
1622412317602	mozrunner::runner	INFO	Running command: "/usr/bin/firefox" "-marionette" "-headless" "-foreground" "-no-remote" "-profile" "/tmp/rust_mozprofileE7tQdw"
*** You are running in headless mode.
[GFX1-]: glxtest: libpci missing
[GFX1-]: glxtest: Unable to open a connection to the X server
[GFX1-]: glxtest: libEGL initialize failed
[GFX1-]: No GPUs detected via PCI
console.warn: SearchSettings: "get: No settings file exists, new profile?" (new Error("", "(unknown module)"))
console.warn: SearchSettings: "get: No settings file exists, new profile?" (new Error("", "(unknown module)"))
1622412320663	Marionette	INFO	Listening on port 37477
1622412320757	Marionette	WARN	TLS certificate errors will be ignored for this session
1622412320783	Marionette	ERROR	[18] No reply from Marionette:Register
1622412341359	Marionette	INFO	Stopped listening on port 37477
1622412481048	mozrunner::runner	INFO	Running command: "/usr/bin/firefox" "-marionette" "-headless" "-foreground" "-no-remote" "-profile" "/tmp/rust_mozprofilemUr492"
*** You are running in headless mode.
[GFX1-]: glxtest: libpci missing
[GFX1-]: glxtest: Unable to open a connection to the X server
[GFX1-]: glxtest: libEGL initialize failed
[GFX1-]: No GPUs detected via PCI
console.warn: SearchSettings: "get: No settings file exists, new profile?" (new Error("", "(unknown module)"))
console.warn: SearchSettings: "get: No settings file exists, new profile?" (new Error("", "(unknown module)"))
1622412484838	Marionette	INFO	Listening on port 44193
1622412484935	Marionette	WARN	TLS certificate errors will be ignored for this session
1622412484960	Marionette	ERROR	[15] No reply from Marionette:Register
1622412506872	Marionette	INFO	Stopped listening on port 44193
1622412758752	mozrunner::runner	INFO	Running command: "/usr/bin/firefox" "-marionette" "-headless" "-foreground" "-no-remote" "-profile" "/tmp/rust_mozprofile8ohPjq"
*** You are running in headless mode.
[GFX1-]: glxtest: libpci missing
[GFX1-]: glxtest: Unable to open a connection to the X server
[GFX1-]: glxtest: libEGL initialize failed
[GFX1-]: No GPUs detected via PCI
console.warn: SearchSettings: "get: No settings file exists, new profile?" (new Error("", "(unknown module)"))
console.warn: SearchSettings: "get: No settings file exists, new profile?" (new Error("", "(unknown module)"))
1622412762496	Marionette	INFO	Listening on port 42243
1622412762621	Marionette	WARN	TLS certificate errors will be ignored for this session
1622412762654	Marionette	ERROR	[15] No reply from Marionette:Register
1622412783697	Marionette	INFO	Stopped listening on port 42243

###!!! [Parent][RunMessage] Error: Channel closing: too late to send/recv, messages will be lost

1622413212263	mozrunner::runner	INFO	Running command: "/usr/bin/firefox" "-marionette" "-headless" "-foreground" "-no-remote" "-profile" "/tmp/rust_mozprofilecUqOte"
*** You are running in headless mode.
[GFX1-]: glxtest: libpci missing
[GFX1-]: glxtest: Unable to open a connection to the X server
[GFX1-]: glxtest: libEGL initialize failed
[GFX1-]: No GPUs detected via PCI
console.warn: SearchSettings: "get: No settings file exists, new profile?" (new Error("", "(unknown module)"))
console.warn: SearchSettings: "get: No settings file exists, new profile?" (new Error("", "(unknown module)"))
1622413214992	Marionette	INFO	Listening on port 40409
1622413215100	Marionette	WARN	TLS certificate errors will be ignored for this session
1622413215120	Marionette	ERROR	[15] No reply from Marionette:Register
console.log: WebExtensions: reset-default-search: No addons in our list are installed.
1622413700917	Marionette	INFO	Stopped listening on port 40409

###!!! [Parent][RunMessage] Error: Channel closing: too late to send/recv, messages will be lost


###!!! [Parent][RunMessage] Error: Channel closing: too late to send/recv, messages will be lost

1622413834617	mozrunner::runner	INFO	Running command: "/usr/bin/firefox" "-marionette" "-headless" "-foreground" "-no-remote" "-profile" "/tmp/rust_mozprofilebLoL63"
*** You are running in headless mode.
[GFX1-]: glxtest: libpci missing
[GFX1-]: glxtest: Unable to open a connection to the X server
[GFX1-]: glxtest: libEGL initialize failed
[GFX1-]: No GPUs detected via PCI
console.warn: SearchSettings: "get: No settings file exists, new profile?" (new Error("", "(unknown module)"))
console.warn: SearchSettings: "get: No settings file exists, new profile?" (new Error("", "(unknown module)"))
1622413837107	Marionette	INFO	Listening on port 40029
1622413837172	Marionette	WARN	TLS certificate errors will be ignored for this session
1622413837192	Marionette	ERROR	[15] No reply from Marionette:Register
1622413929561	Marionette	INFO	Stopped listening on port 40029
1622414162308	mozrunner::runner	INFO	Running command: "/usr/bin/firefox" "-marionette" "-headless" "-foreground" "-no-remote" "-profile" "/tmp/rust_mozprofiledgikh9"
*** You are running in headless mode.
[GFX1-]: glxtest: libpci missing
[GFX1-]: glxtest: Unable to open a connection to the X server
[GFX1-]: glxtest: libEGL initialize failed
[GFX1-]: No GPUs detected via PCI
console.warn: SearchSettings: "get: No settings file exists, new profile?" (new Error("", "(unknown module)"))
console.warn: SearchSettings: "get: No settings file exists, new profile?" (new Error("", "(unknown module)"))
1622414164759	Marionette	INFO	Listening on port 44881
1622414164861	Marionette	WARN	TLS certificate errors will be ignored for this session
1622414164883	Marionette	ERROR	[15] No reply from Marionette:Register
1622414262075	mozrunner::runner	INFO	Running command: "/usr/bin/firefox" "-marionette" "-headless" "-foreground" "-no-remote" "-profile" "/tmp/rust_mozprofilezLKlS7"
*** You are running in headless mode.
[GFX1-]: glxtest: libpci missing
[GFX1-]: glxtest: Unable to open a connection to the X server
[GFX1-]: glxtest: libEGL initialize failed
[GFX1-]: No GPUs detected via PCI
console.warn: SearchSettings: "get: No settings file exists, new profile?" (new Error("", "(unknown module)"))
1622414264548	Marionette	INFO	Listening on port 37505
1622414264608	Marionette	WARN	TLS certificate errors will be ignored for this session
1622414264633	Marionette	ERROR	[15] No reply from Marionette:Register
console.warn: SearchSettings: "get: No settings file exists, new profile?" (new Error("", "(unknown module)"))
1622414272919	Marionette	INFO	Stopped listening on port 37505
1622414482079	mozrunner::runner	INFO	Running command: "/usr/bin/firefox" "-marionette" "-headless" "-foreground" "-no-remote" "-profile" "/tmp/rust_mozprofileF5r91I"
*** You are running in headless mode.
[GFX1-]: glxtest: libpci missing
[GFX1-]: glxtest: Unable to open a connection to the X server
[GFX1-]: glxtest: libEGL initialize failed
[GFX1-]: No GPUs detected via PCI
console.warn: SearchSettings: "get: No settings file exists, new profile?" (new Error("", "(unknown module)"))
console.warn: SearchSettings: "get: No settings file exists, new profile?" (new Error("", "(unknown module)"))
1622414484681	Marionette	INFO	Listening on port 33247
1622414484720	Marionette	WARN	TLS certificate errors will be ignored for this session
1622414484738	Marionette	ERROR	[15] No reply from Marionette:Register
1622414492492	Marionette	INFO	Stopped listening on port 33247

###!!! [Parent][RunMessage] Error: Channel closing: too late to send/recv, messages will be lost

1622414541608	mozrunner::runner	INFO	Running command: "/usr/bin/firefox" "-marionette" "-headless" "-foreground" "-no-remote" "-profile" "/tmp/rust_mozprofile2dSK1D"
*** You are running in headless mode.
[GFX1-]: glxtest: libpci missing
[GFX1-]: glxtest: Unable to open a connection to the X server
[GFX1-]: glxtest: libEGL initialize failed
[GFX1-]: No GPUs detected via PCI
console.warn: SearchSettings: "get: No settings file exists, new profile?" (new Error("", "(unknown module)"))
console.warn: SearchSettings: "get: No settings file exists, new profile?" (new Error("", "(unknown module)"))
1622414544523	Marionette	INFO	Listening on port 44217
1622414544660	Marionette	WARN	TLS certificate errors will be ignored for this session
1622414544694	Marionette	ERROR	[15] No reply from Marionette:Register
1622414552378	Marionette	INFO	Stopped listening on port 44217
console.log: WebExtensions: reset-default-search: No addons in our list are installed.
1622414592876	mozrunner::runner	INFO	Running command: "/usr/bin/firefox" "-marionette" "-headless" "-foreground" "-no-remote" "-profile" "/tmp/rust_mozprofileDQxI77"
*** You are running in headless mode.
[GFX1-]: glxtest: libpci missing
[GFX1-]: glxtest: Unable to open a connection to the X server
[GFX1-]: glxtest: libEGL initialize failed
[GFX1-]: No GPUs detected via PCI
console.warn: SearchSettings: "get: No settings file exists, new profile?" (new Error("", "(unknown module)"))
console.warn: SearchSettings: "get: No settings file exists, new profile?" (new Error("", "(unknown module)"))
1622414595408	Marionette	INFO	Listening on port 39375
1622414595519	Marionette	WARN	TLS certificate errors will be ignored for this session
1622414595541	Marionette	ERROR	[15] No reply from Marionette:Register
1622414603180	Marionette	INFO	Stopped listening on port 39375
1622414629369	mozrunner::runner	INFO	Running command: "/usr/bin/firefox" "-marionette" "-headless" "-foreground" "-no-remote" "-profile" "/tmp/rust_mozprofileLj3wMD"
*** You are running in headless mode.
[GFX1-]: glxtest: libpci missing
[GFX1-]: glxtest: Unable to open a connection to the X server
[GFX1-]: glxtest: libEGL initialize failed
[GFX1-]: No GPUs detected via PCI
console.warn: SearchSettings: "get: No settings file exists, new profile?" (new Error("", "(unknown module)"))
console.warn: SearchSettings: "get: No settings file exists, new profile?" (new Error("", "(unknown module)"))
1622414631960	Marionette	INFO	Listening on port 46839
1622414632020	Marionette	WARN	TLS certificate errors will be ignored for this session
1622414632037	Marionette	ERROR	[15] No reply from Marionette:Register
1622414644762	Marionette	INFO	Stopped listening on port 46839
1622414690351	mozrunner::runner	INFO	Running command: "/usr/bin/firefox" "-marionette" "-headless" "-foreground" "-no-remote" "-profile" "/tmp/rust_mozprofileHBPibF"
*** You are running in headless mode.
[GFX1-]: glxtest: libpci missing
[GFX1-]: glxtest: Unable to open a connection to the X server
[GFX1-]: glxtest: libEGL initialize failed
[GFX1-]: No GPUs detected via PCI
console.warn: SearchSettings: "get: No settings file exists, new profile?" (new Error("", "(unknown module)"))
console.warn: SearchSettings: "get: No settings file exists, new profile?" (new Error("", "(unknown module)"))
1622414692755	Marionette	INFO	Listening on port 43361
1622414692791	Marionette	WARN	TLS certificate errors will be ignored for this session
1622414692808	Marionette	ERROR	[15] No reply from Marionette:Register
1622414705754	Marionette	INFO	Stopped listening on port 43361
1622414787142	mozrunner::runner	INFO	Running command: "/usr/bin/firefox" "-marionette" "-headless" "-foreground" "-no-remote" "-profile" "/tmp/rust_mozprofile8Cr9rT"
*** You are running in headless mode.
[GFX1-]: glxtest: libpci missing
[GFX1-]: glxtest: Unable to open a connection to the X server
[GFX1-]: glxtest: libEGL initialize failed
[GFX1-]: No GPUs detected via PCI
console.warn: SearchSettings: "get: No settings file exists, new profile?" (new Error("", "(unknown module)"))
1622414789557	Marionette	INFO	Listening on port 36349
1622414789680	Marionette	WARN	TLS certificate errors will be ignored for this session
1622414789703	Marionette	ERROR	[18] No reply from Marionette:Register
1622414799472	Marionette	INFO	Stopped listening on port 36349
JavaScript error: resource://gre/modules/UrlClassifierListManager.jsm, line 691: TypeError: this.tablesData[table] is undefined

###!!! [Parent][RunMessage] Error: Channel closing: too late to send/recv, messages will be lost

1622414923911	mozrunner::runner	INFO	Running command: "/usr/bin/firefox" "-marionette" "-headless" "-foreground" "-no-remote" "-profile" "/tmp/rust_mozprofilee7QeRI"
*** You are running in headless mode.
[GFX1-]: glxtest: libpci missing
[GFX1-]: glxtest: Unable to open a connection to the X server
[GFX1-]: glxtest: libEGL initialize failed
[GFX1-]: No GPUs detected via PCI
console.warn: SearchSettings: "get: No settings file exists, new profile?" (new Error("", "(unknown module)"))
console.warn: SearchSettings: "get: No settings file exists, new profile?" (new Error("", "(unknown module)"))
1622414926643	Marionette	INFO	Listening on port 35743
1622414926775	Marionette	WARN	TLS certificate errors will be ignored for this session
1622414926799	Marionette	ERROR	[15] No reply from Marionette:Register
1622414935568	Marionette	INFO	Stopped listening on port 35743
JavaScript error: resource://activity-stream/lib/ASRouter.jsm, line 987: NS_ERROR_ILLEGAL_VALUE: Component returned failure code: 0x80070057 (NS_ERROR_ILLEGAL_VALUE) [nsIObserverService.removeObserver]

###!!! [Parent][RunMessage] Error: Channel closing: too late to send/recv, messages will be lost


###!!! [Parent][RunMessage] Error: Channel closing: too late to send/recv, messages will be lost

1622415051491	mozrunner::runner	INFO	Running command: "/usr/bin/firefox" "-marionette" "-headless" "-foreground" "-no-remote" "-profile" "/tmp/rust_mozprofileFGPnSB"
*** You are running in headless mode.
[GFX1-]: glxtest: libpci missing
[GFX1-]: glxtest: Unable to open a connection to the X server
[GFX1-]: glxtest: libEGL initialize failed
[GFX1-]: No GPUs detected via PCI
console.warn: SearchSettings: "get: No settings file exists, new profile?" (new Error("", "(unknown module)"))
console.warn: SearchSettings: "get: No settings file exists, new profile?" (new Error("", "(unknown module)"))
1622415053951	Marionette	INFO	Listening on port 36823
1622415054033	Marionette	WARN	TLS certificate errors will be ignored for this session
1622415054058	Marionette	ERROR	[15] No reply from Marionette:Register
1622415067270	Marionette	INFO	Stopped listening on port 36823
1622415115546	mozrunner::runner	INFO	Running command: "/usr/bin/firefox" "-marionette" "-headless" "-foreground" "-no-remote" "-profile" "/tmp/rust_mozprofileh9mPrr"
*** You are running in headless mode.
[GFX1-]: glxtest: libpci missing
[GFX1-]: glxtest: Unable to open a connection to the X server
[GFX1-]: glxtest: libEGL initialize failed
[GFX1-]: No GPUs detected via PCI
console.warn: SearchSettings: "get: No settings file exists, new profile?" (new Error("", "(unknown module)"))
console.warn: SearchSettings: "get: No settings file exists, new profile?" (new Error("", "(unknown module)"))
1622415118195	Marionette	INFO	Listening on port 35389
1622415118308	Marionette	WARN	TLS certificate errors will be ignored for this session
1622415118327	Marionette	ERROR	[15] No reply from Marionette:Register
1622415125857	Marionette	INFO	Stopped listening on port 35389

###!!! [Parent][RunMessage] Error: Channel closing: too late to send/recv, messages will be lost


###!!! [Parent][RunMessage] Error: Channel closing: too late to send/recv, messages will be lost

1622415215950	mozrunner::runner	INFO	Running command: "/usr/bin/firefox" "-marionette" "-headless" "-foreground" "-no-remote" "-profile" "/tmp/rust_mozprofileDDBCcV"
*** You are running in headless mode.
[GFX1-]: glxtest: libpci missing
[GFX1-]: glxtest: Unable to open a connection to the X server
[GFX1-]: glxtest: libEGL initialize failed
[GFX1-]: No GPUs detected via PCI
console.warn: SearchSettings: "get: No settings file exists, new profile?" (new Error("", "(unknown module)"))
1622415218522	Marionette	INFO	Listening on port 42067
1622415218605	Marionette	WARN	TLS certificate errors will be ignored for this session
1622415218631	Marionette	ERROR	[18] No reply from Marionette:Register
console.warn: SearchSettings: "get: No settings file exists, new profile?" (new Error("", "(unknown module)"))
1622415226471	Marionette	INFO	Stopped listening on port 42067
1622415345742	mozrunner::runner	INFO	Running command: "/usr/bin/firefox" "-marionette" "-headless" "-foreground" "-no-remote" "-profile" "/tmp/rust_mozprofile4Ff50f"
*** You are running in headless mode.
[GFX1-]: glxtest: libpci missing
[GFX1-]: glxtest: Unable to open a connection to the X server
[GFX1-]: glxtest: libEGL initialize failed
[GFX1-]: No GPUs detected via PCI
console.warn: SearchSettings: "get: No settings file exists, new profile?" (new Error("", "(unknown module)"))
console.warn: SearchSettings: "get: No settings file exists, new profile?" (new Error("", "(unknown module)"))
1622415348566	Marionette	INFO	Listening on port 42353
1622415348689	Marionette	WARN	TLS certificate errors will be ignored for this session
1622415348712	Marionette	ERROR	[15] No reply from Marionette:Register
1622415356561	Marionette	INFO	Stopped listening on port 42353
1622415460266	mozrunner::runner	INFO	Running command: "/usr/bin/firefox" "-marionette" "-headless" "-foreground" "-no-remote" "-profile" "/tmp/rust_mozprofileRHmVL4"
*** You are running in headless mode.
[GFX1-]: glxtest: libpci missing
[GFX1-]: glxtest: Unable to open a connection to the X server
[GFX1-]: glxtest: libEGL initialize failed
[GFX1-]: No GPUs detected via PCI
console.warn: SearchSettings: "get: No settings file exists, new profile?" (new Error("", "(unknown module)"))
console.warn: SearchSettings: "get: No settings file exists, new profile?" (new Error("", "(unknown module)"))
1622415462717	Marionette	INFO	Listening on port 45097
1622415462806	Marionette	WARN	TLS certificate errors will be ignored for this session
1622415462831	Marionette	ERROR	[15] No reply from Marionette:Register
1622415470286	Marionette	INFO	Stopped listening on port 45097

###!!! [Parent][RunMessage] Error: Channel closing: too late to send/recv, messages will be lost

1622415577399	mozrunner::runner	INFO	Running command: "/usr/bin/firefox" "-marionette" "-headless" "-foreground" "-no-remote" "-profile" "/tmp/rust_mozprofileg4CoIQ"
*** You are running in headless mode.
[GFX1-]: glxtest: libpci missing
[GFX1-]: glxtest: Unable to open a connection to the X server
[GFX1-]: glxtest: libEGL initialize failed
[GFX1-]: No GPUs detected via PCI
console.warn: SearchSettings: "get: No settings file exists, new profile?" (new Error("", "(unknown module)"))
console.warn: SearchSettings: "get: No settings file exists, new profile?" (new Error("", "(unknown module)"))
1622415580319	Marionette	INFO	Listening on port 43151
1622415580454	Marionette	WARN	TLS certificate errors will be ignored for this session
1622415580493	Marionette	ERROR	[18] No reply from Marionette:Register
1622415588091	Marionette	INFO	Stopped listening on port 43151
1622415635124	mozrunner::runner	INFO	Running command: "/usr/bin/firefox" "-marionette" "-headless" "-foreground" "-no-remote" "-profile" "/tmp/rust_mozprofileY2rMQi"
*** You are running in headless mode.
[GFX1-]: glxtest: libpci missing
[GFX1-]: glxtest: Unable to open a connection to the X server
[GFX1-]: glxtest: libEGL initialize failed
[GFX1-]: No GPUs detected via PCI
console.warn: SearchSettings: "get: No settings file exists, new profile?" (new Error("", "(unknown module)"))
console.warn: SearchSettings: "get: No settings file exists, new profile?" (new Error("", "(unknown module)"))
1622415637763	Marionette	INFO	Listening on port 45171
1622415637861	Marionette	WARN	TLS certificate errors will be ignored for this session
1622415637883	Marionette	ERROR	[15] No reply from Marionette:Register
1622415647035	Marionette	INFO	Stopped listening on port 45171
1622415649514	mozrunner::runner	INFO	Running command: "/usr/bin/firefox" "-marionette" "-headless" "-foreground" "-no-remote" "-profile" "/tmp/rust_mozprofile9Vo7zr"
*** You are running in headless mode.
[GFX1-]: glxtest: libpci missing
[GFX1-]: glxtest: Unable to open a connection to the X server
[GFX1-]: glxtest: libEGL initialize failed
[GFX1-]: No GPUs detected via PCI
console.warn: SearchSettings: "get: No settings file exists, new profile?" (new Error("", "(unknown module)"))
console.warn: SearchSettings: "get: No settings file exists, new profile?" (new Error("", "(unknown module)"))
1622415652357	Marionette	INFO	Listening on port 45489
1622415652465	Marionette	WARN	TLS certificate errors will be ignored for this session
1622415652515	Marionette	ERROR	[15] No reply from Marionette:Register
1622415660144	Marionette	INFO	Stopped listening on port 45489

###!!! [Parent][RunMessage] Error: Channel closing: too late to send/recv, messages will be lost

1622415677444	mozrunner::runner	INFO	Running command: "/usr/bin/firefox" "-marionette" "-headless" "-foreground" "-no-remote" "-profile" "/tmp/rust_mozprofile5bxQei"
*** You are running in headless mode.
[GFX1-]: glxtest: libpci missing
[GFX1-]: glxtest: Unable to open a connection to the X server
[GFX1-]: glxtest: libEGL initialize failed
[GFX1-]: No GPUs detected via PCI
console.warn: SearchSettings: "get: No settings file exists, new profile?" (new Error("", "(unknown module)"))
console.warn: SearchSettings: "get: No settings file exists, new profile?" (new Error("", "(unknown module)"))
1622415680154	Marionette	INFO	Listening on port 42607
1622415680212	Marionette	WARN	TLS certificate errors will be ignored for this session
1622415680230	Marionette	ERROR	[18] No reply from Marionette:Register
1622415688114	Marionette	INFO	Stopped listening on port 42607

###!!! [Parent][RunMessage] Error: Channel closing: too late to send/recv, messages will be lost

1622415760633	mozrunner::runner	INFO	Running command: "/usr/bin/firefox" "-marionette" "-headless" "-foreground" "-no-remote" "-profile" "/tmp/rust_mozprofileeQbn8A"
*** You are running in headless mode.
[GFX1-]: glxtest: libpci missing
[GFX1-]: glxtest: Unable to open a connection to the X server
[GFX1-]: glxtest: libEGL initialize failed
[GFX1-]: No GPUs detected via PCI
console.warn: SearchSettings: "get: No settings file exists, new profile?" (new Error("", "(unknown module)"))
console.warn: SearchSettings: "get: No settings file exists, new profile?" (new Error("", "(unknown module)"))
1622415763703	Marionette	INFO	Listening on port 41407
1622415763797	Marionette	WARN	TLS certificate errors will be ignored for this session
1622415763819	Marionette	ERROR	[15] No reply from Marionette:Register
Exiting due to channel error.
Exiting due to channel error.
Exiting due to channel error.
1622415781109	mozrunner::runner	INFO	Running command: "/usr/bin/firefox" "-marionette" "-headless" "-foreground" "-no-remote" "-profile" "/tmp/rust_mozprofileRcfs9J"
*** You are running in headless mode.
[GFX1-]: glxtest: libpci missing
[GFX1-]: glxtest: Unable to open a connection to the X server
[GFX1-]: glxtest: libEGL initialize failed
[GFX1-]: No GPUs detected via PCI
console.warn: SearchSettings: "get: No settings file exists, new profile?" (new Error("", "(unknown module)"))
console.warn: SearchSettings: "get: No settings file exists, new profile?" (new Error("", "(unknown module)"))
1622415783566	Marionette	INFO	Listening on port 40071
1622415783659	Marionette	WARN	TLS certificate errors will be ignored for this session
1622415783680	Marionette	ERROR	[15] No reply from Marionette:Register
1622415791351	Marionette	INFO	Stopped listening on port 40071
1622415905396	mozrunner::runner	INFO	Running command: "/usr/bin/firefox" "-marionette" "-headless" "-foreground" "-no-remote" "-profile" "/tmp/rust_mozprofile876SBD"
*** You are running in headless mode.
[GFX1-]: glxtest: libpci missing
[GFX1-]: glxtest: Unable to open a connection to the X server
[GFX1-]: glxtest: libEGL initialize failed
[GFX1-]: No GPUs detected via PCI
console.warn: SearchSettings: "get: No settings file exists, new profile?" (new Error("", "(unknown module)"))
console.warn: SearchSettings: "get: No settings file exists, new profile?" (new Error("", "(unknown module)"))
1622415907923	Marionette	INFO	Listening on port 36475
1622415908042	Marionette	WARN	TLS certificate errors will be ignored for this session
1622415908064	Marionette	ERROR	[15] No reply from Marionette:Register
1622415915716	Marionette	INFO	Stopped listening on port 36475
1622415927747	mozrunner::runner	INFO	Running command: "/usr/bin/firefox" "-marionette" "-headless" "-foreground" "-no-remote" "-profile" "/tmp/rust_mozprofileE3WIFF"
*** You are running in headless mode.
[GFX1-]: glxtest: libpci missing
[GFX1-]: glxtest: Unable to open a connection to the X server
[GFX1-]: glxtest: libEGL initialize failed
[GFX1-]: No GPUs detected via PCI
console.warn: SearchSettings: "get: No settings file exists, new profile?" (new Error("", "(unknown module)"))
console.warn: SearchSettings: "get: No settings file exists, new profile?" (new Error("", "(unknown module)"))
1622415930968	Marionette	INFO	Listening on port 33849
1622415931106	Marionette	WARN	TLS certificate errors will be ignored for this session
1622415931132	Marionette	ERROR	[15] No reply from Marionette:Register
1622415938500	Marionette	INFO	Stopped listening on port 33849

###!!! [Parent][RunMessage] Error: Channel closing: too late to send/recv, messages will be lost


###!!! [Parent][RunMessage] Error: Channel closing: too late to send/recv, messages will be lost

1622416059589	mozrunner::runner	INFO	Running command: "/usr/bin/firefox" "-marionette" "-headless" "-foreground" "-no-remote" "-profile" "/tmp/rust_mozprofile6amDaM"
*** You are running in headless mode.
[GFX1-]: glxtest: libpci missing
[GFX1-]: glxtest: Unable to open a connection to the X server
[GFX1-]: glxtest: libEGL initialize failed
[GFX1-]: No GPUs detected via PCI
console.warn: SearchSettings: "get: No settings file exists, new profile?" (new Error("", "(unknown module)"))
1622416062112	Marionette	INFO	Listening on port 40845
1622416062247	Marionette	WARN	TLS certificate errors will be ignored for this session
1622416062263	Marionette	ERROR	[18] No reply from Marionette:Register
1622416071513	Marionette	INFO	Stopped listening on port 40845
1622416119880	mozrunner::runner	INFO	Running command: "/usr/bin/firefox" "-marionette" "-headless" "-foreground" "-no-remote" "-profile" "/tmp/rust_mozprofileIC4vs2"
*** You are running in headless mode.
[GFX1-]: glxtest: libpci missing
[GFX1-]: glxtest: Unable to open a connection to the X server
[GFX1-]: glxtest: libEGL initialize failed
[GFX1-]: No GPUs detected via PCI
console.warn: SearchSettings: "get: No settings file exists, new profile?" (new Error("", "(unknown module)"))
console.warn: SearchSettings: "get: No settings file exists, new profile?" (new Error("", "(unknown module)"))
1622416122938	Marionette	INFO	Listening on port 39681
1622416123076	Marionette	WARN	TLS certificate errors will be ignored for this session
1622416123105	Marionette	ERROR	[15] No reply from Marionette:Register
1622416131568	Marionette	INFO	Stopped listening on port 39681

###!!! [Parent][RunMessage] Error: Channel closing: too late to send/recv, messages will be lost


###!!! [Parent][RunMessage] Error: Channel closing: too late to send/recv, messages will be lost


###!!! [Parent][RunMessage] Error: Channel closing: too late to send/recv, messages will be lost

1622416301241	mozrunner::runner	INFO	Running command: "/usr/bin/firefox" "-marionette" "-headless" "-foreground" "-no-remote" "-profile" "/tmp/rust_mozprofileuEiuPK"
*** You are running in headless mode.
[GFX1-]: glxtest: libpci missing
[GFX1-]: glxtest: Unable to open a connection to the X server
[GFX1-]: glxtest: libEGL initialize failed
[GFX1-]: No GPUs detected via PCI
console.warn: SearchSettings: "get: No settings file exists, new profile?" (new Error("", "(unknown module)"))
console.warn: SearchSettings: "get: No settings file exists, new profile?" (new Error("", "(unknown module)"))
1622416304110	Marionette	INFO	Listening on port 42785
1622416304191	Marionette	WARN	TLS certificate errors will be ignored for this session
1622416304218	Marionette	ERROR	[15] No reply from Marionette:Register
1622416311842	Marionette	INFO	Stopped listening on port 42785
JavaScript error: resource://activity-stream/lib/ASRouter.jsm, line 987: NS_ERROR_ILLEGAL_VALUE: Component returned failure code: 0x80070057 (NS_ERROR_ILLEGAL_VALUE) [nsIObserverService.removeObserver]

###!!! [Parent][RunMessage] Error: Channel closing: too late to send/recv, messages will be lost

1622416389469	mozrunner::runner	INFO	Running command: "/usr/bin/firefox" "-marionette" "-headless" "-foreground" "-no-remote" "-profile" "/tmp/rust_mozprofileZB0BXN"
*** You are running in headless mode.
[GFX1-]: glxtest: libpci missing
[GFX1-]: glxtest: Unable to open a connection to the X server
[GFX1-]: glxtest: libEGL initialize failed
[GFX1-]: No GPUs detected via PCI
console.warn: SearchSettings: "get: No settings file exists, new profile?" (new Error("", "(unknown module)"))
console.warn: SearchSettings: "get: No settings file exists, new profile?" (new Error("", "(unknown module)"))
1622416391922	Marionette	INFO	Listening on port 44569
1622416392029	Marionette	WARN	TLS certificate errors will be ignored for this session
1622416392048	Marionette	ERROR	[15] No reply from Marionette:Register
1622416399447	Marionette	INFO	Stopped listening on port 44569
1622416861600	mozrunner::runner	INFO	Running command: "/usr/bin/firefox" "-marionette" "-headless" "-foreground" "-no-remote" "-profile" "/tmp/rust_mozprofileq9dvwf"
*** You are running in headless mode.
[GFX1-]: glxtest: libpci missing
[GFX1-]: glxtest: Unable to open a connection to the X server
[GFX1-]: glxtest: libEGL initialize failed
[GFX1-]: No GPUs detected via PCI
console.warn: SearchSettings: "get: No settings file exists, new profile?" (new Error("", "(unknown module)"))
console.warn: SearchSettings: "get: No settings file exists, new profile?" (new Error("", "(unknown module)"))
1622416864239	Marionette	INFO	Listening on port 39629
1622416864367	Marionette	WARN	TLS certificate errors will be ignored for this session
1622416864395	Marionette	ERROR	[15] No reply from Marionette:Register
1622416873147	Marionette	INFO	Stopped listening on port 39629
1622416879651	mozrunner::runner	INFO	Running command: "/usr/bin/firefox" "-marionette" "-headless" "-foreground" "-no-remote" "-profile" "/tmp/rust_mozprofileZqOMzF"
*** You are running in headless mode.
[GFX1-]: glxtest: libpci missing
[GFX1-]: glxtest: Unable to open a connection to the X server
[GFX1-]: glxtest: libEGL initialize failed
[GFX1-]: No GPUs detected via PCI
console.warn: SearchSettings: "get: No settings file exists, new profile?" (new Error("", "(unknown module)"))
console.warn: SearchSettings: "get: No settings file exists, new profile?" (new Error("", "(unknown module)"))
1622416882207	Marionette	INFO	Listening on port 44967
1622416882322	Marionette	WARN	TLS certificate errors will be ignored for this session
1622416882342	Marionette	ERROR	[18] No reply from Marionette:Register
1622416890900	Marionette	INFO	Stopped listening on port 44967
1622416990477	mozrunner::runner	INFO	Running command: "/usr/bin/firefox" "-marionette" "-headless" "-foreground" "-no-remote" "-profile" "/tmp/rust_mozprofile7srPaA"
*** You are running in headless mode.
[GFX1-]: glxtest: libpci missing
[GFX1-]: glxtest: Unable to open a connection to the X server
[GFX1-]: glxtest: libEGL initialize failed
[GFX1-]: No GPUs detected via PCI
console.warn: SearchSettings: "get: No settings file exists, new profile?" (new Error("", "(unknown module)"))
console.warn: SearchSettings: "get: No settings file exists, new profile?" (new Error("", "(unknown module)"))
1622416993102	Marionette	INFO	Listening on port 37585
1622416993230	Marionette	WARN	TLS certificate errors will be ignored for this session
1622416993250	Marionette	ERROR	[18] No reply from Marionette:Register
1622417000828	Marionette	INFO	Stopped listening on port 37585
1622417012893	mozrunner::runner	INFO	Running command: "/usr/bin/firefox" "-marionette" "-headless" "-foreground" "-no-remote" "-profile" "/tmp/rust_mozprofilewKT7wn"
*** You are running in headless mode.
[GFX1-]: glxtest: libpci missing
[GFX1-]: glxtest: Unable to open a connection to the X server
[GFX1-]: glxtest: libEGL initialize failed
[GFX1-]: No GPUs detected via PCI
console.warn: SearchSettings: "get: No settings file exists, new profile?" (new Error("", "(unknown module)"))
console.warn: SearchSettings: "get: No settings file exists, new profile?" (new Error("", "(unknown module)"))
1622417015556	Marionette	INFO	Listening on port 32957
1622417015635	Marionette	WARN	TLS certificate errors will be ignored for this session
1622417015653	Marionette	ERROR	[15] No reply from Marionette:Register
1622417023106	Marionette	INFO	Stopped listening on port 32957
1622417092725	mozrunner::runner	INFO	Running command: "/usr/bin/firefox" "-marionette" "-headless" "-foreground" "-no-remote" "-profile" "/tmp/rust_mozprofilei2rr2c"
*** You are running in headless mode.
[GFX1-]: glxtest: libpci missing
[GFX1-]: glxtest: Unable to open a connection to the X server
[GFX1-]: glxtest: libEGL initialize failed
[GFX1-]: No GPUs detected via PCI
console.warn: SearchSettings: "get: No settings file exists, new profile?" (new Error("", "(unknown module)"))
console.warn: SearchSettings: "get: No settings file exists, new profile?" (new Error("", "(unknown module)"))
1622417095331	Marionette	INFO	Listening on port 43245
1622417095373	Marionette	WARN	TLS certificate errors will be ignored for this session
1622417095391	Marionette	ERROR	[15] No reply from Marionette:Register
1622417132849	Marionette	INFO	Stopped listening on port 43245

###!!! [Parent][RunMessage] Error: Channel closing: too late to send/recv, messages will be lost


###!!! [Parent][RunMessage] Error: Channel closing: too late to send/recv, messages will be lost

1622418832381	mozrunner::runner	INFO	Running command: "/usr/bin/firefox" "-marionette" "-headless" "-foreground" "-no-remote" "-profile" "/tmp/rust_mozprofileeP2Xpj"
*** You are running in headless mode.
[GFX1-]: glxtest: libpci missing
[GFX1-]: glxtest: Unable to open a connection to the X server
[GFX1-]: glxtest: libEGL initialize failed
[GFX1-]: No GPUs detected via PCI
console.warn: SearchSettings: "get: No settings file exists, new profile?" (new Error("", "(unknown module)"))
console.warn: SearchSettings: "get: No settings file exists, new profile?" (new Error("", "(unknown module)"))
1622418835144	Marionette	INFO	Listening on port 43735
1622418835223	Marionette	WARN	TLS certificate errors will be ignored for this session
1622418835241	Marionette	ERROR	[15] No reply from Marionette:Register
1622418855988	Marionette	INFO	Stopped listening on port 43735
1622418919548	mozrunner::runner	INFO	Running command: "/usr/bin/firefox" "-marionette" "-headless" "-foreground" "-no-remote" "-profile" "/tmp/rust_mozprofilegzFjGg"
*** You are running in headless mode.
[GFX1-]: glxtest: libpci missing
[GFX1-]: glxtest: Unable to open a connection to the X server
[GFX1-]: glxtest: libEGL initialize failed
[GFX1-]: No GPUs detected via PCI
console.warn: SearchSettings: "get: No settings file exists, new profile?" (new Error("", "(unknown module)"))
1622418921867	Marionette	INFO	Listening on port 44499
1622418922007	Marionette	WARN	TLS certificate errors will be ignored for this session
1622418922025	Marionette	ERROR	[15] No reply from Marionette:Register
console.warn: SearchSettings: "get: No settings file exists, new profile?" (new Error("", "(unknown module)"))
1622418945611	Marionette	INFO	Stopped listening on port 44499
1622419186557	mozrunner::runner	INFO	Running command: "/usr/bin/firefox" "-marionette" "-headless" "-foreground" "-no-remote" "-profile" "/tmp/rust_mozprofileimzQhZ"
*** You are running in headless mode.
[GFX1-]: glxtest: libpci missing
[GFX1-]: glxtest: Unable to open a connection to the X server
[GFX1-]: glxtest: libEGL initialize failed
[GFX1-]: No GPUs detected via PCI
console.warn: SearchSettings: "get: No settings file exists, new profile?" (new Error("", "(unknown module)"))
console.warn: SearchSettings: "get: No settings file exists, new profile?" (new Error("", "(unknown module)"))
1622419189198	Marionette	INFO	Listening on port 43133
1622419189306	Marionette	WARN	TLS certificate errors will be ignored for this session
1622419189322	Marionette	ERROR	[15] No reply from Marionette:Register
1622419209718	Marionette	INFO	Stopped listening on port 43133
1622419274184	mozrunner::runner	INFO	Running command: "/usr/bin/firefox" "-marionette" "-headless" "-foreground" "-no-remote" "-profile" "/tmp/rust_mozprofiler3QBfg"
*** You are running in headless mode.
[GFX1-]: glxtest: libpci missing
[GFX1-]: glxtest: Unable to open a connection to the X server
[GFX1-]: glxtest: libEGL initialize failed
[GFX1-]: No GPUs detected via PCI
console.warn: SearchSettings: "get: No settings file exists, new profile?" (new Error("", "(unknown module)"))
console.warn: SearchSettings: "get: No settings file exists, new profile?" (new Error("", "(unknown module)"))
1622419276682	Marionette	INFO	Listening on port 39809
1622419276722	Marionette	WARN	TLS certificate errors will be ignored for this session
1622419276738	Marionette	ERROR	[15] No reply from Marionette:Register
1622419314869	Marionette	INFO	Stopped listening on port 39809

###!!! [Parent][RunMessage] Error: Channel closing: too late to send/recv, messages will be lost

1622419444710	mozrunner::runner	INFO	Running command: "/usr/bin/firefox" "-marionette" "-headless" "-foreground" "-no-remote" "-profile" "/tmp/rust_mozprofile429WIx"
*** You are running in headless mode.
[GFX1-]: glxtest: libpci missing
[GFX1-]: glxtest: Unable to open a connection to the X server
[GFX1-]: glxtest: libEGL initialize failed
[GFX1-]: No GPUs detected via PCI
console.warn: SearchSettings: "get: No settings file exists, new profile?" (new Error("", "(unknown module)"))
1622419446934	Marionette	INFO	Listening on port 39489
1622419447078	Marionette	WARN	TLS certificate errors will be ignored for this session
1622419447104	Marionette	ERROR	[15] No reply from Marionette:Register
1622419469312	Marionette	INFO	Stopped listening on port 39489
1622419533532	mozrunner::runner	INFO	Running command: "/usr/bin/firefox" "-marionette" "-headless" "-foreground" "-no-remote" "-profile" "/tmp/rust_mozprofile7EcqEL"
*** You are running in headless mode.
[GFX1-]: glxtest: libpci missing
[GFX1-]: glxtest: Unable to open a connection to the X server
[GFX1-]: glxtest: libEGL initialize failed
[GFX1-]: No GPUs detected via PCI
console.warn: SearchSettings: "get: No settings file exists, new profile?" (new Error("", "(unknown module)"))
console.warn: SearchSettings: "get: No settings file exists, new profile?" (new Error("", "(unknown module)"))
1622419536214	Marionette	INFO	Listening on port 38173
1622419536273	Marionette	WARN	TLS certificate errors will be ignored for this session
1622419536298	Marionette	ERROR	[15] No reply from Marionette:Register
1622419558085	Marionette	INFO	Stopped listening on port 38173
1622419792909	mozrunner::runner	INFO	Running command: "/usr/bin/firefox" "-marionette" "-headless" "-foreground" "-no-remote" "-profile" "/tmp/rust_mozprofilefz0z1G"
*** You are running in headless mode.
[GFX1-]: glxtest: libpci missing
[GFX1-]: glxtest: Unable to open a connection to the X server
[GFX1-]: glxtest: libEGL initialize failed
[GFX1-]: No GPUs detected via PCI
console.warn: SearchSettings: "get: No settings file exists, new profile?" (new Error("", "(unknown module)"))
console.warn: SearchSettings: "get: No settings file exists, new profile?" (new Error("", "(unknown module)"))
1622419795264	Marionette	INFO	Listening on port 41541
1622419795340	Marionette	WARN	TLS certificate errors will be ignored for this session
1622419795359	Marionette	ERROR	[15] No reply from Marionette:Register
1622419815839	Marionette	INFO	Stopped listening on port 41541

###!!! [Parent][RunMessage] Error: Channel closing: too late to send/recv, messages will be lost

1622419973929	mozrunner::runner	INFO	Running command: "/usr/bin/firefox" "-marionette" "-headless" "-foreground" "-no-remote" "-profile" "/tmp/rust_mozprofilef7VPsb"
*** You are running in headless mode.
[GFX1-]: glxtest: libpci missing
[GFX1-]: glxtest: Unable to open a connection to the X server
[GFX1-]: glxtest: libEGL initialize failed
[GFX1-]: No GPUs detected via PCI
console.warn: SearchSettings: "get: No settings file exists, new profile?" (new Error("", "(unknown module)"))
console.warn: SearchSettings: "get: No settings file exists, new profile?" (new Error("", "(unknown module)"))
1622419976287	Marionette	INFO	Listening on port 33899
1622419976366	Marionette	WARN	TLS certificate errors will be ignored for this session
1622419976381	Marionette	ERROR	[15] No reply from Marionette:Register
1622419996649	Marionette	INFO	Stopped listening on port 33899
